2019-09-22 13:26:52,307 - INFO - Using MobileNetV2
2019-09-22 13:26:52,307 - INFO - Input image size: 224
2019-09-22 13:26:52,326 - WARNING - From D:\virtualEnv\venv\lib\site-packages\tensorflow\python\ops\init_ops.py:1251: calling VarianceScaling.__init__ (from tensorflow.python.ops.init_ops) with dtype is deprecated and will be removed in a future version.
Instructions for updating:
Call initializer instance with the dtype argument instead of passing it to the constructor
2019-09-22 13:26:58,522 - INFO - Base model created
2019-09-22 13:27:04,060 - INFO - Model saved
2019-09-22 14:59:23,473 - INFO - Using MobileNetV2
2019-09-22 14:59:23,474 - INFO - Input image size: 224
2019-09-22 14:59:23,491 - WARNING - From D:\virtualEnv\venv\lib\site-packages\tensorflow\python\ops\init_ops.py:1251: calling VarianceScaling.__init__ (from tensorflow.python.ops.init_ops) with dtype is deprecated and will be removed in a future version.
Instructions for updating:
Call initializer instance with the dtype argument instead of passing it to the constructor
2019-09-22 14:59:29,887 - INFO - Base model created
2019-09-22 15:08:29,448 - INFO - Using MobileNetV2
2019-09-22 15:08:29,449 - INFO - Input image size: 224
2019-09-22 15:08:29,465 - WARNING - From D:\virtualEnv\venv\lib\site-packages\tensorflow\python\ops\init_ops.py:1251: calling VarianceScaling.__init__ (from tensorflow.python.ops.init_ops) with dtype is deprecated and will be removed in a future version.
Instructions for updating:
Call initializer instance with the dtype argument instead of passing it to the constructor
2019-09-22 15:08:35,826 - INFO - Base model created
2019-09-22 15:08:36,836 - INFO - Training data loaded
2019-09-22 15:09:42,106 - INFO - Using MobileNetV2
2019-09-22 15:09:42,106 - INFO - Input image size: 224
2019-09-22 15:09:42,122 - WARNING - From D:\virtualEnv\venv\lib\site-packages\tensorflow\python\ops\init_ops.py:1251: calling VarianceScaling.__init__ (from tensorflow.python.ops.init_ops) with dtype is deprecated and will be removed in a future version.
Instructions for updating:
Call initializer instance with the dtype argument instead of passing it to the constructor
2019-09-22 15:09:48,536 - INFO - Base model created
2019-09-22 15:09:49,211 - INFO - Training data loaded
2019-09-22 15:09:49,447 - INFO - Validation data loaded
2019-09-22 15:09:50,610 - INFO - Image batch shape: (64, 224, 224, 3)
2019-09-22 15:09:50,610 - INFO - Label batch shape: (64, 196)
2019-09-22 15:09:56,357 - INFO - H5 model saved
2019-09-22 15:16:04,471 - INFO - Using MobileNetV2
2019-09-22 15:16:04,471 - INFO - Input image size: 224
2019-09-22 15:16:04,490 - WARNING - From D:\virtualEnv\venv\lib\site-packages\tensorflow\python\ops\init_ops.py:1251: calling VarianceScaling.__init__ (from tensorflow.python.ops.init_ops) with dtype is deprecated and will be removed in a future version.
Instructions for updating:
Call initializer instance with the dtype argument instead of passing it to the constructor
2019-09-22 15:16:11,220 - INFO - Base model created
2019-09-22 15:16:11,897 - INFO - Training data loaded
2019-09-22 15:16:12,130 - INFO - Validation data loaded
2019-09-22 15:16:12,617 - INFO - Image batch shape: (64, 224, 224, 3)
2019-09-22 15:16:12,617 - INFO - Label batch shape: (64, 196)
2019-09-22 15:16:18,552 - INFO - H5 model saved
2019-09-22 15:20:18,008 - INFO - Using MobileNetV2
2019-09-22 15:20:18,008 - INFO - Input image size: 224
2019-09-22 15:20:18,025 - WARNING - From D:\virtualEnv\venv\lib\site-packages\tensorflow\python\ops\init_ops.py:1251: calling VarianceScaling.__init__ (from tensorflow.python.ops.init_ops) with dtype is deprecated and will be removed in a future version.
Instructions for updating:
Call initializer instance with the dtype argument instead of passing it to the constructor
2019-09-22 15:20:24,271 - INFO - Base model created
2019-09-22 15:20:24,944 - INFO - Training data loaded
2019-09-22 15:20:25,512 - INFO - Validation data loaded
2019-09-22 15:20:26,087 - INFO - Image batch shape: (64, 224, 224, 3)
2019-09-22 15:20:26,087 - INFO - Label batch shape: (64, 196)
2019-09-22 15:20:31,694 - INFO - H5 model saved
2019-09-22 15:27:36,162 - INFO - Using MobileNetV2
2019-09-22 15:27:36,162 - INFO - Input image size: 224
2019-09-22 15:27:36,182 - WARNING - From D:\virtualEnv\venv\lib\site-packages\tensorflow\python\ops\init_ops.py:1251: calling VarianceScaling.__init__ (from tensorflow.python.ops.init_ops) with dtype is deprecated and will be removed in a future version.
Instructions for updating:
Call initializer instance with the dtype argument instead of passing it to the constructor
2019-09-22 15:27:48,442 - INFO - Base model created
2019-09-22 15:27:49,693 - INFO - Training data loaded
2019-09-22 15:27:50,950 - INFO - Validation data loaded
2019-09-22 15:27:51,688 - INFO - Image batch shape: (64, 224, 224, 3)
2019-09-22 15:27:51,688 - INFO - Label batch shape: (64, 196)
2019-09-22 15:28:02,287 - INFO - H5 model saved
2019-09-22 15:28:33,001 - INFO - Using MobileNetV2
2019-09-22 15:28:33,001 - INFO - Input image size: 224
2019-09-22 15:28:33,020 - WARNING - From D:\virtualEnv\venv\lib\site-packages\tensorflow\python\ops\init_ops.py:1251: calling VarianceScaling.__init__ (from tensorflow.python.ops.init_ops) with dtype is deprecated and will be removed in a future version.
Instructions for updating:
Call initializer instance with the dtype argument instead of passing it to the constructor
2019-09-22 15:28:44,225 - INFO - Base model created
2019-09-22 15:28:45,461 - INFO - Training data loaded
2019-09-22 15:28:45,826 - INFO - Validation data loaded
2019-09-22 15:28:47,251 - INFO - Image batch shape: (64, 224, 224, 3)
2019-09-22 15:28:47,251 - INFO - Label batch shape: (64, 196)
2019-09-22 15:28:52,979 - INFO - H5 model saved
2019-09-22 16:23:15,617 - INFO - Using MobileNetV2
2019-09-22 16:23:15,617 - INFO - Input image size: 224
2019-09-22 16:23:16,707 - INFO - Training data loaded
2019-09-22 16:23:17,054 - INFO - Validation data loaded
2019-09-22 16:23:17,693 - INFO - Image batch shape: (64, 224, 224, 3)
2019-09-22 16:23:17,694 - INFO - Label batch shape: (64, 196)
2019-09-22 16:23:17,726 - WARNING - From D:\virtualEnv\venv\lib\site-packages\tensorflow\python\ops\init_ops.py:1251: calling VarianceScaling.__init__ (from tensorflow.python.ops.init_ops) with dtype is deprecated and will be removed in a future version.
Instructions for updating:
Call initializer instance with the dtype argument instead of passing it to the constructor
2019-09-22 16:23:24,937 - INFO - Base model created
2019-09-22 16:23:27,054 - INFO - Number of trainable variables = 4
2019-09-22 16:27:55,369 - INFO - Using MobileNetV2
2019-09-22 16:27:55,370 - INFO - Input image size: 224
2019-09-22 16:27:56,490 - INFO - Training data loaded
2019-09-22 16:27:56,833 - INFO - Validation data loaded
2019-09-22 16:27:57,534 - INFO - Image batch shape: (64, 224, 224, 3)
2019-09-22 16:27:57,534 - INFO - Label batch shape: (64, 196)
2019-09-22 16:27:57,562 - WARNING - From D:\virtualEnv\venv\lib\site-packages\tensorflow\python\ops\init_ops.py:1251: calling VarianceScaling.__init__ (from tensorflow.python.ops.init_ops) with dtype is deprecated and will be removed in a future version.
Instructions for updating:
Call initializer instance with the dtype argument instead of passing it to the constructor
2019-09-22 16:28:03,975 - INFO - Base model created
2019-09-22 16:28:05,839 - INFO - Number of trainable variables = 4
2019-09-22 16:30:39,577 - INFO - Transfer training complete, 1 trained
2019-09-22 16:34:43,577 - INFO - Using MobileNetV2
2019-09-22 16:34:43,577 - INFO - Input image size: 224
2019-09-22 16:34:44,676 - INFO - Training data loaded
2019-09-22 16:34:45,015 - INFO - Validation data loaded
2019-09-22 16:34:45,387 - INFO - Image batch shape: (64, 224, 224, 3)
2019-09-22 16:34:45,387 - INFO - Label batch shape: (64, 196)
2019-09-22 16:34:45,418 - WARNING - From D:\virtualEnv\venv\lib\site-packages\tensorflow\python\ops\init_ops.py:1251: calling VarianceScaling.__init__ (from tensorflow.python.ops.init_ops) with dtype is deprecated and will be removed in a future version.
Instructions for updating:
Call initializer instance with the dtype argument instead of passing it to the constructor
2019-09-22 16:34:52,193 - INFO - Base model created
2019-09-22 16:34:54,224 - INFO - Number of trainable variables = 4
2019-09-22 16:35:57,191 - INFO - Using MobileNetV2
2019-09-22 16:35:57,191 - INFO - Input image size: 224
2019-09-22 16:35:58,289 - INFO - Training data loaded
2019-09-22 16:35:58,626 - INFO - Validation data loaded
2019-09-22 16:35:58,955 - INFO - Image batch shape: (64, 224, 224, 3)
2019-09-22 16:35:58,955 - INFO - Label batch shape: (64, 196)
2019-09-22 16:35:58,983 - WARNING - From D:\virtualEnv\venv\lib\site-packages\tensorflow\python\ops\init_ops.py:1251: calling VarianceScaling.__init__ (from tensorflow.python.ops.init_ops) with dtype is deprecated and will be removed in a future version.
Instructions for updating:
Call initializer instance with the dtype argument instead of passing it to the constructor
2019-09-22 16:36:05,329 - INFO - Base model created
2019-09-22 16:36:07,092 - INFO - Number of trainable variables = 4
2019-09-22 16:37:51,285 - INFO - Transfer training complete, 1 trained
2019-09-22 16:40:53,696 - INFO - Using MobileNetV2
2019-09-22 16:40:53,697 - INFO - Input image size: 224
2019-09-22 16:40:54,820 - INFO - Training data loaded
2019-09-22 16:40:55,256 - INFO - Validation data loaded
2019-09-22 16:40:55,569 - INFO - Image batch shape: (64, 224, 224, 3)
2019-09-22 16:40:55,569 - INFO - Label batch shape: (64, 196)
2019-09-22 16:40:55,598 - WARNING - From D:\virtualEnv\venv\lib\site-packages\tensorflow\python\ops\init_ops.py:1251: calling VarianceScaling.__init__ (from tensorflow.python.ops.init_ops) with dtype is deprecated and will be removed in a future version.
Instructions for updating:
Call initializer instance with the dtype argument instead of passing it to the constructor
2019-09-22 16:41:02,666 - INFO - Base model created
2019-09-22 16:41:04,684 - INFO - Number of trainable variables = 4
2019-09-22 16:42:42,943 - INFO - Transfer training complete, 1 epochs trained
